
> alphaclone-nextjs@0.1.0 build
> next build

Ôû▓ Next.js 16.1.3 (Turbopack)
- Experiments (use with caution):
  Ô£ô scrollRestoration

node.exe : ÔÜá The 
"middleware" file 
convention is 
deprecated. Please 
use "proxy" instead. 
Learn more: https://ne
xtjs.org/docs/messages
/middleware-to-proxy
At line:1 char:1
+ & "C:\Program Files\
nodejs/node.exe" 
"C:\Program 
Files\nodejs/node_mo 
...
+ ~~~~~~~~~~~~~~~~~~~~
~~~~~~~~~~~~~~~~~~~~~~
~~~~~~~~~~~~~~~~~~~~~~
~~~~~
    + CategoryInfo    
          : 
NotSpecified: (ÔÜá    
 The 
"middle...leware-    
to-proxy:String) [], 
R    emoteException
    + 
FullyQualifiedErrorI  
  d : 
NativeCommandError
 
  Creating an optimized production build ...

> Build error occurred
Error: Turbopack 
build failed with 9 
errors:
./src/components/dashb
oard/CRMTab.tsx:34:1
Module not found: 
Can't resolve 
'./crm/ClientImport'
[0m [90m 32 |[39m 
[36mimport[39m { [3
3mFixedSizeList[39m 
} [36mfrom[39m [32m
'react-window'[39m[3
3m;[39m
 [90m 33 |[39m 
[36mimport[39m 
[33mAutoSizer[39m 
[36mfrom[39m [32m'r
eact-virtualized-auto-
sizer'[39m[33m;[39m
[31m[1m>[22m[39m[
90m 34 |[39m 
[36mimport[39m 
[33m*[39m 
[36mas[39m [33mClie
ntImport[39m 
[36mfrom[39m [32m'.
/crm/ClientImport'[39
m[33m;[39m
 [90m    |[39m [31m
[1m^[22m[39m[31m[
1m^[22m[39m[31m[1m
^[22m[39m[31m[1m^
[22m[39m[31m[1m^[2
2m[39m[31m[1m^[22m
[39m[31m[1m^[22m[
39m[31m[1m^[22m[39
m[31m[1m^[22m[39m
[31m[1m^[22m[39m[3
1m[1m^[22m[39m[31m
[1m^[22m[39m[31m[
1m^[22m[39m[31m[1m
^[22m[39m[31m[1m^
[22m[39m[31m[1m^[2
2m[39m[31m[1m^[22m
[39m[31m[1m^[22m[
39m[31m[1m^[22m[39
m[31m[1m^[22m[39m
[31m[1m^[22m[39m[3
1m[1m^[22m[39m[31m
[1m^[22m[39m[31m[
1m^[22m[39m[31m[1m
^[22m[39m[31m[1m^
[22m[39m[31m[1m^[2
2m[39m[31m[1m^[22m
[39m[31m[1m^[22m[
39m[31m[1m^[22m[39
m[31m[1m^[22m[39m
[31m[1m^[22m[39m[3
1m[1m^[22m[39m[31m
[1m^[22m[39m[31m[
1m^[22m[39m[31m[1m
^[22m[39m[31m[1m^
[22m[39m[31m[1m^[2
2m[39m[31m[1m^[22m
[39m[31m[1m^[22m[
39m[31m[1m^[22m[39
m[31m[1m^[22m[39m
[31m[1m^[22m[39m[3
1m[1m^[22m[39m[31m
[1m^[22m[39m[31m[
1m^[22m[39m[31m[1m
^[22m[39m[31m[1m^
[22m[39m[31m[1m^[2
2m[39m[31m[1m^[22m
[39m[31m[1m^[22m[
39m
 [90m 35 |[39m
 [90m 36 |[39m 
[36minterface[39m 
[33mCRMTabProps[39m 
{
 [90m 37 |[39m     
userId[33m:[39m 
string[33m;[39m[0m



Import traces:
  Client Component 
Browser:
    ./src/components/d
ashboard/CRMTab.tsx 
[Client Component 
Browser]
    ./src/components/d
ashboard/business/Busi
nessDashboard.tsx 
[Client Component 
Browser]
    ./src/components/D
ashboard.tsx [Client 
Component Browser]
    ./src/app/dashboar
d/[[...slug]]/page.tsx
 [Client Component 
Browser]
    ./src/app/dashboar
d/[[...slug]]/page.tsx
 [Server Component]

  Client Component 
SSR:
    ./src/components/d
ashboard/CRMTab.tsx 
[Client Component SSR]
    ./src/components/d
ashboard/business/Busi
nessDashboard.tsx 
[Client Component SSR]
    ./src/components/D
ashboard.tsx [Client 
Component SSR]
    ./src/app/dashboar
d/[[...slug]]/page.tsx
 [Client Component 
SSR]
    ./src/app/dashboar
d/[[...slug]]/page.tsx
 [Server Component]

https://nextjs.org/doc
s/messages/module-not-
found


./src/components/dashb
oard/TasksTab.tsx:45:1
Export FixedSizeGrid 
doesn't exist in 
target module
[0m [90m 43 |[39m 
[36mimport[39m 
toast [36mfrom[39m 
[32m'react-hot-toast'
[39m[33m;[39m
 [90m 44 |[39m 
[36mimport[39m { 
useTasks } 
[36mfrom[39m [32m'@
/hooks/useTasks'[39m
[33m;[39m
[31m[1m>[22m[39m[
90m 45 |[39m 
[36mimport[39m { [3
3mFixedSizeGrid[39m 
} [36mfrom[39m [32m
'react-window'[39m[3
3m;[39m
 [90m    |[39m [31m
[1m^[22m[39m[31m[
1m^[22m[39m[31m[1m
^[22m[39m[31m[1m^
[22m[39m[31m[1m^[2
2m[39m[31m[1m^[22m
[39m[31m[1m^[22m[
39m[31m[1m^[22m[39
m[31m[1m^[22m[39m
[31m[1m^[22m[39m[3
1m[1m^[22m[39m[31m
[1m^[22m[39m[31m[
1m^[22m[39m[31m[1m
^[22m[39m[31m[1m^
[22m[39m[31m[1m^[2
2m[39m[31m[1m^[22m
[39m[31m[1m^[22m[
39m[31m[1m^[22m[39
m[31m[1m^[22m[39m
[31m[1m^[22m[39m[3
1m[1m^[22m[39m[31m
[1m^[22m[39m[31m[
1m^[22m[39m[31m[1m
^[22m[39m[31m[1m^
[22m[39m[31m[1m^[2
2m[39m[31m[1m^[22m
[39m[31m[1m^[22m[
39m[31m[1m^[22m[39
m[31m[1m^[22m[39m
[31m[1m^[22m[39m[3
1m[1m^[22m[39m[31m
[1m^[22m[39m[31m[
1m^[22m[39m[31m[1m
^[22m[39m[31m[1m^
[22m[39m[31m[1m^[2
2m[39m[31m[1m^[22m
[39m[31m[1m^[22m[
39m[31m[1m^[22m[39
m[31m[1m^[22m[39m
[31m[1m^[22m[39m[3
1m[1m^[22m[39m[31m
[1m^[22m[39m
 [90m 46 |[39m 
[36mimport[39m 
[33mAutoSizer[39m 
[36mfrom[39m [32m'r
eact-virtualized-auto-
sizer'[39m[33m;[39m
 [90m 47 |[39m 
[36mimport[39m {
 [90m 48 |[39m     
[33mDndContext[39m[3
3m,[39m[0m

The export 
FixedSizeGrid was not 
found in module [proje
ct]/node_modules/react
-window/dist/react-win
dow.js [app-client] 
(ecmascript).
Did you mean to 
import Grid?
All exports of the 
module are statically 
known (It doesn't 
have dynamic 
exports). So it's 
known statically that 
the requested export 
doesn't exist.

Import traces:
  Client Component 
Browser:
    ./src/components/d
ashboard/TasksTab.tsx 
[Client Component 
Browser]
    ./src/components/d
ashboard/business/Busi
nessDashboard.tsx 
[Client Component 
Browser]
    ./src/components/D
ashboard.tsx [Client 
Component Browser]
    ./src/app/dashboar
d/[[...slug]]/page.tsx
 [Client Component 
Browser]
    ./src/app/dashboar
d/[[...slug]]/page.tsx
 [Server Component]

  Client Component 
SSR:
    ./src/components/d
ashboard/TasksTab.tsx 
[Client Component SSR]
    ./src/components/d
ashboard/business/Busi
nessDashboard.tsx 
[Client Component SSR]
    ./src/components/D
ashboard.tsx [Client 
Component SSR]
    ./src/app/dashboar
d/[[...slug]]/page.tsx
 [Client Component 
SSR]
    ./src/app/dashboar
d/[[...slug]]/page.tsx
 [Server Component]


./src/components/dashb
oard/TasksTab.tsx:45:1
Export FixedSizeGrid 
doesn't exist in 
target module
[0m [90m 43 |[39m 
[36mimport[39m 
toast [36mfrom[39m 
[32m'react-hot-toast'
[39m[33m;[39m
 [90m 44 |[39m 
[36mimport[39m { 
useTasks } 
[36mfrom[39m [32m'@
/hooks/useTasks'[39m
[33m;[39m
[31m[1m>[22m[39m[
90m 45 |[39m 
[36mimport[39m { [3
3mFixedSizeGrid[39m 
} [36mfrom[39m [32m
'react-window'[39m[3
3m;[39m
 [90m    |[39m [31m
[1m^[22m[39m[31m[
1m^[22m[39m[31m[1m
^[22m[39m[31m[1m^
[22m[39m[31m[1m^[2
2m[39m[31m[1m^[22m
[39m[31m[1m^[22m[
39m[31m[1m^[22m[39
m[31m[1m^[22m[39m
[31m[1m^[22m[39m[3
1m[1m^[22m[39m[31m
[1m^[22m[39m[31m[
1m^[22m[39m[31m[1m
^[22m[39m[31m[1m^
[22m[39m[31m[1m^[2
2m[39m[31m[1m^[22m
[39m[31m[1m^[22m[
39m[31m[1m^[22m[39
m[31m[1m^[22m[39m
[31m[1m^[22m[39m[3
1m[1m^[22m[39m[31m
[1m^[22m[39m[31m[
1m^[22m[39m[31m[1m
^[22m[39m[31m[1m^
[22m[39m[31m[1m^[2
2m[39m[31m[1m^[22m
[39m[31m[1m^[22m[
39m[31m[1m^[22m[39
m[31m[1m^[22m[39m
[31m[1m^[22m[39m[3
1m[1m^[22m[39m[31m
[1m^[22m[39m[31m[
1m^[22m[39m[31m[1m
^[22m[39m[31m[1m^
[22m[39m[31m[1m^[2
2m[39m[31m[1m^[22m
[39m[31m[1m^[22m[
39m[31m[1m^[22m[39
m[31m[1m^[22m[39m
[31m[1m^[22m[39m[3
1m[1m^[22m[39m[31m
[1m^[22m[39m
 [90m 46 |[39m 
[36mimport[39m 
[33mAutoSizer[39m 
[36mfrom[39m [32m'r
eact-virtualized-auto-
sizer'[39m[33m;[39m
 [90m 47 |[39m 
[36mimport[39m {
 [90m 48 |[39m     
[33mDndContext[39m[3
3m,[39m[0m

The export 
FixedSizeGrid was not 
found in module [proje
ct]/node_modules/react
-window/dist/react-win
dow.js [app-ssr] 
(ecmascript).
Did you mean to 
import Grid?
All exports of the 
module are statically 
known (It doesn't 
have dynamic 
exports). So it's 
known statically that 
the requested export 
doesn't exist.

Import traces:
  Client Component 
Browser:
    ./src/components/d
ashboard/TasksTab.tsx 
[Client Component 
Browser]
    ./src/components/d
ashboard/business/Busi
nessDashboard.tsx 
[Client Component 
Browser]
    ./src/components/D
ashboard.tsx [Client 
Component Browser]
    ./src/app/dashboar
d/[[...slug]]/page.tsx
 [Client Component 
Browser]
    ./src/app/dashboar
d/[[...slug]]/page.tsx
 [Server Component]

  Client Component 
SSR:
    ./src/components/d
ashboard/TasksTab.tsx 
[Client Component SSR]
    ./src/components/d
ashboard/business/Busi
nessDashboard.tsx 
[Client Component SSR]
    ./src/components/D
ashboard.tsx [Client 
Component SSR]
    ./src/app/dashboar
d/[[...slug]]/page.tsx
 [Client Component 
SSR]
    ./src/app/dashboar
d/[[...slug]]/page.tsx
 [Server Component]


./src/components/dashb
oard/CRMTab.tsx:32:1
Export FixedSizeList 
doesn't exist in 
target module
[0m [90m 30 |[39m 
[36mimport[39m { 
[33mEmptyState[39m 
} [36mfrom[39m [32m
'../ui/EmptyState'[39
m[33m;[39m
 [90m 31 |[39m 
[36mimport[39m { 
useClients } 
[36mfrom[39m [32m'@
/hooks/useClients'[39
m[33m;[39m
[31m[1m>[22m[39m[
90m 32 |[39m 
[36mimport[39m { [3
3mFixedSizeList[39m 
} [36mfrom[39m [32m
'react-window'[39m[3
3m;[39m
 [90m    |[39m [31m
[1m^[22m[39m[31m[
1m^[22m[39m[31m[1m
^[22m[39m[31m[1m^
[22m[39m[31m[1m^[2
2m[39m[31m[1m^[22m
[39m[31m[1m^[22m[
39m[31m[1m^[22m[39
m[31m[1m^[22m[39m
[31m[1m^[22m[39m[3
1m[1m^[22m[39m[31m
[1m^[22m[39m[31m[
1m^[22m[39m[31m[1m
^[22m[39m[31m[1m^
[22m[39m[31m[1m^[2
2m[39m[31m[1m^[22m
[39m[31m[1m^[22m[
39m[31m[1m^[22m[39
m[31m[1m^[22m[39m
[31m[1m^[22m[39m[3
1m[1m^[22m[39m[31m
[1m^[22m[39m[31m[
1m^[22m[39m[31m[1m
^[22m[39m[31m[1m^
[22m[39m[31m[1m^[2
2m[39m[31m[1m^[22m
[39m[31m[1m^[22m[
39m[31m[1m^[22m[39
m[31m[1m^[22m[39m
[31m[1m^[22m[39m[3
1m[1m^[22m[39m[31m
[1m^[22m[39m[31m[
1m^[22m[39m[31m[1m
^[22m[39m[31m[1m^
[22m[39m[31m[1m^[2
2m[39m[31m[1m^[22m
[39m[31m[1m^[22m[
39m[31m[1m^[22m[39
m[31m[1m^[22m[39m
[31m[1m^[22m[39m[3
1m[1m^[22m[39m[31m
[1m^[22m[39m
 [90m 33 |[39m 
[36mimport[39m 
[33mAutoSizer[39m 
[36mfrom[39m [32m'r
eact-virtualized-auto-
sizer'[39m[33m;[39m
 [90m 34 |[39m 
[36mimport[39m 
[33m*[39m 
[36mas[39m [33mClie
ntImport[39m 
[36mfrom[39m [32m'.
/crm/ClientImport'[39
m[33m;[39m
 [90m 35 |[39m[0m

The export 
FixedSizeList was not 
found in module [proje
ct]/node_modules/react
-window/dist/react-win
dow.js [app-client] 
(ecmascript).
Did you mean to 
import 
getScrollbarSize?
All exports of the 
module are statically 
known (It doesn't 
have dynamic 
exports). So it's 
known statically that 
the requested export 
doesn't exist.

Import traces:
  Client Component 
Browser:
    ./src/components/d
ashboard/CRMTab.tsx 
[Client Component 
Browser]
    ./src/components/d
ashboard/business/Busi
nessDashboard.tsx 
[Client Component 
Browser]
    ./src/components/D
ashboard.tsx [Client 
Component Browser]
    ./src/app/dashboar
d/[[...slug]]/page.tsx
 [Client Component 
Browser]
    ./src/app/dashboar
d/[[...slug]]/page.tsx
 [Server Component]

  Client Component 
SSR:
    ./src/components/d
ashboard/CRMTab.tsx 
[Client Component SSR]
    ./src/components/d
ashboard/business/Busi
nessDashboard.tsx 
[Client Component SSR]
    ./src/components/D
ashboard.tsx [Client 
Component SSR]
    ./src/app/dashboar
d/[[...slug]]/page.tsx
 [Client Component 
SSR]
    ./src/app/dashboar
d/[[...slug]]/page.tsx
 [Server Component]


./src/components/dashb
oard/CRMTab.tsx:32:1
Export FixedSizeList 
doesn't exist in 
target module
[0m [90m 30 |[39m 
[36mimport[39m { 
[33mEmptyState[39m 
} [36mfrom[39m [32m
'../ui/EmptyState'[39
m[33m;[39m
 [90m 31 |[39m 
[36mimport[39m { 
useClients } 
[36mfrom[39m [32m'@
/hooks/useClients'[39
m[33m;[39m
[31m[1m>[22m[39m[
90m 32 |[39m 
[36mimport[39m { [3
3mFixedSizeList[39m 
} [36mfrom[39m [32m
'react-window'[39m[3
3m;[39m
 [90m    |[39m [31m
[1m^[22m[39m[31m[
1m^[22m[39m[31m[1m
^[22m[39m[31m[1m^
[22m[39m[31m[1m^[2
2m[39m[31m[1m^[22m
[39m[31m[1m^[22m[
39m[31m[1m^[22m[39
m[31m[1m^[22m[39m
[31m[1m^[22m[39m[3
1m[1m^[22m[39m[31m
[1m^[22m[39m[31m[
1m^[22m[39m[31m[1m
^[22m[39m[31m[1m^
[22m[39m[31m[1m^[2
2m[39m[31m[1m^[22m
[39m[31m[1m^[22m[
39m[31m[1m^[22m[39
m[31m[1m^[22m[39m
[31m[1m^[22m[39m[3
1m[1m^[22m[39m[31m
[1m^[22m[39m[31m[
1m^[22m[39m[31m[1m
^[22m[39m[31m[1m^
[22m[39m[31m[1m^[2
2m[39m[31m[1m^[22m
[39m[31m[1m^[22m[
39m[31m[1m^[22m[39
m[31m[1m^[22m[39m
[31m[1m^[22m[39m[3
1m[1m^[22m[39m[31m
[1m^[22m[39m[31m[
1m^[22m[39m[31m[1m
^[22m[39m[31m[1m^
[22m[39m[31m[1m^[2
2m[39m[31m[1m^[22m
[39m[31m[1m^[22m[
39m[31m[1m^[22m[39
m[31m[1m^[22m[39m
[31m[1m^[22m[39m[3
1m[1m^[22m[39m[31m
[1m^[22m[39m
 [90m 33 |[39m 
[36mimport[39m 
[33mAutoSizer[39m 
[36mfrom[39m [32m'r
eact-virtualized-auto-
sizer'[39m[33m;[39m
 [90m 34 |[39m 
[36mimport[39m 
[33m*[39m 
[36mas[39m [33mClie
ntImport[39m 
[36mfrom[39m [32m'.
/crm/ClientImport'[39
m[33m;[39m
 [90m 35 |[39m[0m

The export 
FixedSizeList was not 
found in module [proje
ct]/node_modules/react
-window/dist/react-win
dow.js [app-ssr] 
(ecmascript).
Did you mean to 
import 
getScrollbarSize?
All exports of the 
module are statically 
known (It doesn't 
have dynamic 
exports). So it's 
known statically that 
the requested export 
doesn't exist.

Import traces:
  Client Component 
Browser:
    ./src/components/d
ashboard/CRMTab.tsx 
[Client Component 
Browser]
    ./src/components/d
ashboard/business/Busi
nessDashboard.tsx 
[Client Component 
Browser]
    ./src/components/D
ashboard.tsx [Client 
Component Browser]
    ./src/app/dashboar
d/[[...slug]]/page.tsx
 [Client Component 
Browser]
    ./src/app/dashboar
d/[[...slug]]/page.tsx
 [Server Component]

  Client Component 
SSR:
    ./src/components/d
ashboard/CRMTab.tsx 
[Client Component SSR]
    ./src/components/d
ashboard/business/Busi
nessDashboard.tsx 
[Client Component SSR]
    ./src/components/D
ashboard.tsx [Client 
Component SSR]
    ./src/app/dashboar
d/[[...slug]]/page.tsx
 [Client Component 
SSR]
    ./src/app/dashboar
d/[[...slug]]/page.tsx
 [Server Component]


./src/components/dashb
oard/CRMTab.tsx:33:1
Export default 
doesn't exist in 
target module
[0m [90m 31 |[39m 
[36mimport[39m { 
useClients } 
[36mfrom[39m [32m'@
/hooks/useClients'[39
m[33m;[39m
 [90m 32 |[39m 
[36mimport[39m { [3
3mFixedSizeList[39m 
} [36mfrom[39m [32m
'react-window'[39m[3
3m;[39m
[31m[1m>[22m[39m[
90m 33 |[39m 
[36mimport[39m 
[33mAutoSizer[39m 
[36mfrom[39m [32m'r
eact-virtualized-auto-
sizer'[39m[33m;[39m
 [90m    |[39m [31m
[1m^[22m[39m[31m[
1m^[22m[39m[31m[1m
^[22m[39m[31m[1m^
[22m[39m[31m[1m^[2
2m[39m[31m[1m^[22m
[39m[31m[1m^[22m[
39m[31m[1m^[22m[39
m[31m[1m^[22m[39m
[31m[1m^[22m[39m[3
1m[1m^[22m[39m[31m
[1m^[22m[39m[31m[
1m^[22m[39m[31m[1m
^[22m[39m[31m[1m^
[22m[39m[31m[1m^[2
2m[39m[31m[1m^[22m
[39m[31m[1m^[22m[
39m[31m[1m^[22m[39
m[31m[1m^[22m[39m
[31m[1m^[22m[39m[3
1m[1m^[22m[39m[31m
[1m^[22m[39m[31m[
1m^[22m[39m[31m[1m
^[22m[39m[31m[1m^
[22m[39m[31m[1m^[2
2m[39m[31m[1m^[22m
[39m[31m[1m^[22m[
39m[31m[1m^[22m[39
m[31m[1m^[22m[39m
[31m[1m^[22m[39m[3
1m[1m^[22m[39m[31m
[1m^[22m[39m[31m[
1m^[22m[39m[31m[1m
^[22m[39m[31m[1m^
[22m[39m[31m[1m^[2
2m[39m[31m[1m^[22m
[39m[31m[1m^[22m[
39m[31m[1m^[22m[39
m[31m[1m^[22m[39m
[31m[1m^[22m[39m[3
1m[1m^[22m[39m[31m
[1m^[22m[39m[31m[
1m^[22m[39m[31m[1m
^[22m[39m[31m[1m^
[22m[39m[31m[1m^[2
2m[39m[31m[1m^[22m
[39m[31m[1m^[22m[
39m[31m[1m^[22m[39
m[31m[1m^[22m[39m
 [90m 34 |[39m 
[36mimport[39m 
[33m*[39m 
[36mas[39m [33mClie
ntImport[39m 
[36mfrom[39m [32m'.
/crm/ClientImport'[39
m[33m;[39m
 [90m 35 |[39m
 [90m 36 |[39m 
[36minterface[39m 
[33mCRMTabProps[39m 
{[0m

The export default 
was not found in 
module [project]/node_
modules/react-virtuali
zed-auto-sizer/dist/re
act-virtualized-auto-s
izer.js [app-client] 
(ecmascript).
Did you mean to 
import AutoSizer?
All exports of the 
module are statically 
known (It doesn't 
have dynamic 
exports). So it's 
known statically that 
the requested export 
doesn't exist.

Import traces:
  Client Component 
Browser:
    ./src/components/d
ashboard/CRMTab.tsx 
[Client Component 
Browser]
    ./src/components/d
ashboard/business/Busi
nessDashboard.tsx 
[Client Component 
Browser]
    ./src/components/D
ashboard.tsx [Client 
Component Browser]
    ./src/app/dashboar
d/[[...slug]]/page.tsx
 [Client Component 
Browser]
    ./src/app/dashboar
d/[[...slug]]/page.tsx
 [Server Component]

  Client Component 
SSR:
    ./src/components/d
ashboard/CRMTab.tsx 
[Client Component SSR]
    ./src/components/d
ashboard/business/Busi
nessDashboard.tsx 
[Client Component SSR]
    ./src/components/D
ashboard.tsx [Client 
Component SSR]
    ./src/app/dashboar
d/[[...slug]]/page.tsx
 [Client Component 
SSR]
    ./src/app/dashboar
d/[[...slug]]/page.tsx
 [Server Component]


./src/components/dashb
oard/CRMTab.tsx:33:1
Export default 
doesn't exist in 
target module
[0m [90m 31 |[39m 
[36mimport[39m { 
useClients } 
[36mfrom[39m [32m'@
/hooks/useClients'[39
m[33m;[39m
 [90m 32 |[39m 
[36mimport[39m { [3
3mFixedSizeList[39m 
} [36mfrom[39m [32m
'react-window'[39m[3
3m;[39m
[31m[1m>[22m[39m[
90m 33 |[39m 
[36mimport[39m 
[33mAutoSizer[39m 
[36mfrom[39m [32m'r
eact-virtualized-auto-
sizer'[39m[33m;[39m
 [90m    |[39m [31m
[1m^[22m[39m[31m[
1m^[22m[39m[31m[1m
^[22m[39m[31m[1m^
[22m[39m[31m[1m^[2
2m[39m[31m[1m^[22m
[39m[31m[1m^[22m[
39m[31m[1m^[22m[39
m[31m[1m^[22m[39m
[31m[1m^[22m[39m[3
1m[1m^[22m[39m[31m
[1m^[22m[39m[31m[
1m^[22m[39m[31m[1m
^[22m[39m[31m[1m^
[22m[39m[31m[1m^[2
2m[39m[31m[1m^[22m
[39m[31m[1m^[22m[
39m[31m[1m^[22m[39
m[31m[1m^[22m[39m
[31m[1m^[22m[39m[3
1m[1m^[22m[39m[31m
[1m^[22m[39m[31m[
1m^[22m[39m[31m[1m
^[22m[39m[31m[1m^
[22m[39m[31m[1m^[2
2m[39m[31m[1m^[22m
[39m[31m[1m^[22m[
39m[31m[1m^[22m[39
m[31m[1m^[22m[39m
[31m[1m^[22m[39m[3
1m[1m^[22m[39m[31m
[1m^[22m[39m[31m[
1m^[22m[39m[31m[1m
^[22m[39m[31m[1m^
[22m[39m[31m[1m^[2
2m[39m[31m[1m^[22m
[39m[31m[1m^[22m[
39m[31m[1m^[22m[39
m[31m[1m^[22m[39m
[31m[1m^[22m[39m[3
1m[1m^[22m[39m[31m
[1m^[22m[39m[31m[
1m^[22m[39m[31m[1m
^[22m[39m[31m[1m^
[22m[39m[31m[1m^[2
2m[39m[31m[1m^[22m
[39m[31m[1m^[22m[
39m[31m[1m^[22m[39
m[31m[1m^[22m[39m
 [90m 34 |[39m 
[36mimport[39m 
[33m*[39m 
[36mas[39m [33mClie
ntImport[39m 
[36mfrom[39m [32m'.
/crm/ClientImport'[39
m[33m;[39m
 [90m 35 |[39m
 [90m 36 |[39m 
[36minterface[39m 
[33mCRMTabProps[39m 
{[0m

The export default 
was not found in 
module [project]/node_
modules/react-virtuali
zed-auto-sizer/dist/re
act-virtualized-auto-s
izer.js [app-ssr] 
(ecmascript).
Did you mean to 
import AutoSizer?
All exports of the 
module are statically 
known (It doesn't 
have dynamic 
exports). So it's 
known statically that 
the requested export 
doesn't exist.

Import traces:
  Client Component 
Browser:
    ./src/components/d
ashboard/CRMTab.tsx 
[Client Component 
Browser]
    ./src/components/d
ashboard/business/Busi
nessDashboard.tsx 
[Client Component 
Browser]
    ./src/components/D
ashboard.tsx [Client 
Component Browser]
    ./src/app/dashboar
d/[[...slug]]/page.tsx
 [Client Component 
Browser]
    ./src/app/dashboar
d/[[...slug]]/page.tsx
 [Server Component]

  Client Component 
SSR:
    ./src/components/d
ashboard/CRMTab.tsx 
[Client Component SSR]
    ./src/components/d
ashboard/business/Busi
nessDashboard.tsx 
[Client Component SSR]
    ./src/components/D
ashboard.tsx [Client 
Component SSR]
    ./src/app/dashboar
d/[[...slug]]/page.tsx
 [Client Component 
SSR]
    ./src/app/dashboar
d/[[...slug]]/page.tsx
 [Server Component]


./src/components/dashb
oard/TasksTab.tsx:46:1
Export default 
doesn't exist in 
target module
[0m [90m 44 |[39m 
[36mimport[39m { 
useTasks } 
[36mfrom[39m [32m'@
/hooks/useTasks'[39m
[33m;[39m
 [90m 45 |[39m 
[36mimport[39m { [3
3mFixedSizeGrid[39m 
} [36mfrom[39m [32m
'react-window'[39m[3
3m;[39m
[31m[1m>[22m[39m[
90m 46 |[39m 
[36mimport[39m 
[33mAutoSizer[39m 
[36mfrom[39m [32m'r
eact-virtualized-auto-
sizer'[39m[33m;[39m
 [90m    |[39m [31m
[1m^[22m[39m[31m[
1m^[22m[39m[31m[1m
^[22m[39m[31m[1m^
[22m[39m[31m[1m^[2
2m[39m[31m[1m^[22m
[39m[31m[1m^[22m[
39m[31m[1m^[22m[39
m[31m[1m^[22m[39m
[31m[1m^[22m[39m[3
1m[1m^[22m[39m[31m
[1m^[22m[39m[31m[
1m^[22m[39m[31m[1m
^[22m[39m[31m[1m^
[22m[39m[31m[1m^[2
2m[39m[31m[1m^[22m
[39m[31m[1m^[22m[
39m[31m[1m^[22m[39
m[31m[1m^[22m[39m
[31m[1m^[22m[39m[3
1m[1m^[22m[39m[31m
[1m^[22m[39m[31m[
1m^[22m[39m[31m[1m
^[22m[39m[31m[1m^
[22m[39m[31m[1m^[2
2m[39m[31m[1m^[22m
[39m[31m[1m^[22m[
39m[31m[1m^[22m[39
m[31m[1m^[22m[39m
[31m[1m^[22m[39m[3
1m[1m^[22m[39m[31m
[1m^[22m[39m[31m[
1m^[22m[39m[31m[1m
^[22m[39m[31m[1m^
[22m[39m[31m[1m^[2
2m[39m[31m[1m^[22m
[39m[31m[1m^[22m[
39m[31m[1m^[22m[39
m[31m[1m^[22m[39m
[31m[1m^[22m[39m[3
1m[1m^[22m[39m[31m
[1m^[22m[39m[31m[
1m^[22m[39m[31m[1m
^[22m[39m[31m[1m^
[22m[39m[31m[1m^[2
2m[39m[31m[1m^[22m
[39m[31m[1m^[22m[
39m[31m[1m^[22m[39
m[31m[1m^[22m[39m
 [90m 47 |[39m 
[36mimport[39m {
 [90m 48 |[39m     
[33mDndContext[39m[3
3m,[39m
 [90m 49 |[39m     
[33mDragEndEvent[39m
[33m,[39m[0m

The export default 
was not found in 
module [project]/node_
modules/react-virtuali
zed-auto-sizer/dist/re
act-virtualized-auto-s
izer.js [app-client] 
(ecmascript).
Did you mean to 
import AutoSizer?
All exports of the 
module are statically 
known (It doesn't 
have dynamic 
exports). So it's 
known statically that 
the requested export 
doesn't exist.

Import traces:
  Client Component 
Browser:
    ./src/components/d
ashboard/TasksTab.tsx 
[Client Component 
Browser]
    ./src/components/d
ashboard/business/Busi
nessDashboard.tsx 
[Client Component 
Browser]
    ./src/components/D
ashboard.tsx [Client 
Component Browser]
    ./src/app/dashboar
d/[[...slug]]/page.tsx
 [Client Component 
Browser]
    ./src/app/dashboar
d/[[...slug]]/page.tsx
 [Server Component]

  Client Component 
SSR:
    ./src/components/d
ashboard/TasksTab.tsx 
[Client Component SSR]
    ./src/components/d
ashboard/business/Busi
nessDashboard.tsx 
[Client Component SSR]
    ./src/components/D
ashboard.tsx [Client 
Component SSR]
    ./src/app/dashboar
d/[[...slug]]/page.tsx
 [Client Component 
SSR]
    ./src/app/dashboar
d/[[...slug]]/page.tsx
 [Server Component]


./src/components/dashb
oard/TasksTab.tsx:46:1
Export default 
doesn't exist in 
target module
[0m [90m 44 |[39m 
[36mimport[39m { 
useTasks } 
[36mfrom[39m [32m'@
/hooks/useTasks'[39m
[33m;[39m
 [90m 45 |[39m 
[36mimport[39m { [3
3mFixedSizeGrid[39m 
} [36mfrom[39m [32m
'react-window'[39m[3
3m;[39m
[31m[1m>[22m[39m[
90m 46 |[39m 
[36mimport[39m 
[33mAutoSizer[39m 
[36mfrom[39m [32m'r
eact-virtualized-auto-
sizer'[39m[33m;[39m
 [90m    |[39m [31m
[1m^[22m[39m[31m[
1m^[22m[39m[31m[1m
^[22m[39m[31m[1m^
[22m[39m[31m[1m^[2
2m[39m[31m[1m^[22m
[39m[31m[1m^[22m[
39m[31m[1m^[22m[39
m[31m[1m^[22m[39m
[31m[1m^[22m[39m[3
1m[1m^[22m[39m[31m
[1m^[22m[39m[31m[
1m^[22m[39m[31m[1m
^[22m[39m[31m[1m^
[22m[39m[31m[1m^[2
2m[39m[31m[1m^[22m
[39m[31m[1m^[22m[
39m[31m[1m^[22m[39
m[31m[1m^[22m[39m
[31m[1m^[22m[39m[3
1m[1m^[22m[39m[31m
[1m^[22m[39m[31m[
1m^[22m[39m[31m[1m
^[22m[39m[31m[1m^
[22m[39m[31m[1m^[2
2m[39m[31m[1m^[22m
[39m[31m[1m^[22m[
39m[31m[1m^[22m[39
m[31m[1m^[22m[39m
[31m[1m^[22m[39m[3
1m[1m^[22m[39m[31m
[1m^[22m[39m[31m[
1m^[22m[39m[31m[1m
^[22m[39m[31m[1m^
[22m[39m[31m[1m^[2
2m[39m[31m[1m^[22m
[39m[31m[1m^[22m[
39m[31m[1m^[22m[39
m[31m[1m^[22m[39m
[31m[1m^[22m[39m[3
1m[1m^[22m[39m[31m
[1m^[22m[39m[31m[
1m^[22m[39m[31m[1m
^[22m[39m[31m[1m^
[22m[39m[31m[1m^[2
2m[39m[31m[1m^[22m
[39m[31m[1m^[22m[
39m[31m[1m^[22m[39
m[31m[1m^[22m[39m
 [90m 47 |[39m 
[36mimport[39m {
 [90m 48 |[39m     
[33mDndContext[39m[3
3m,[39m
 [90m 49 |[39m     
[33mDragEndEvent[39m
[33m,[39m[0m

The export default 
was not found in 
module [project]/node_
modules/react-virtuali
zed-auto-sizer/dist/re
act-virtualized-auto-s
izer.js [app-ssr] 
(ecmascript).
Did you mean to 
import AutoSizer?
All exports of the 
module are statically 
known (It doesn't 
have dynamic 
exports). So it's 
known statically that 
the requested export 
doesn't exist.

Import traces:
  Client Component 
Browser:
    ./src/components/d
ashboard/TasksTab.tsx 
[Client Component 
Browser]
    ./src/components/d
ashboard/business/Busi
nessDashboard.tsx 
[Client Component 
Browser]
    ./src/components/D
ashboard.tsx [Client 
Component Browser]
    ./src/app/dashboar
d/[[...slug]]/page.tsx
 [Client Component 
Browser]
    ./src/app/dashboar
d/[[...slug]]/page.tsx
 [Server Component]

  Client Component 
SSR:
    ./src/components/d
ashboard/TasksTab.tsx 
[Client Component SSR]
    ./src/components/d
ashboard/business/Busi
nessDashboard.tsx 
[Client Component SSR]
    ./src/components/D
ashboard.tsx [Client 
Component SSR]
    ./src/app/dashboar
d/[[...slug]]/page.tsx
 [Client Component 
SSR]
    ./src/app/dashboar
d/[[...slug]]/page.tsx
 [Server Component]


    at <unknown> (./sr
c/components/dashboard
/CRMTab.tsx:34:1)
    at <unknown> (http
s://nextjs.org/docs/me
ssages/module-not-foun
d)
    at <unknown> (./sr
c/components/dashboard
/TasksTab.tsx:45:1)
    at <unknown> (./sr
c/components/dashboard
/TasksTab.tsx:45:1)
    at <unknown> (./sr
c/components/dashboard
/CRMTab.tsx:32:1)
    at <unknown> (./sr
c/components/dashboard
/CRMTab.tsx:32:1)
    at <unknown> (./sr
c/components/dashboard
/CRMTab.tsx:33:1)
    at <unknown> (./sr
c/components/dashboard
/CRMTab.tsx:33:1)
    at <unknown> (./sr
c/components/dashboard
/TasksTab.tsx:46:1)
    at <unknown> (./sr
c/components/dashboard
/TasksTab.tsx:46:1)
